<?xml version="1.0" encoding="UTF-8"?>
<!-- Generated by org.testng.reporters.JUnitReportReporter -->
<testsuite hostname="DESKTOP-6QHCVA8" failures="0" tests="1" name="mavenforjenkins.UITest" time="9.370" errors="0" timestamp="2022-04-11T10:51:29 IST" skipped="0">
  <testcase classname="mavenforjenkins.UITest" name="startBrowser" time="9.370"/>
  <system-out/>
</testsuite> <!-- mavenforjenkins.UITest -->
